{
  "RSpec": {
    "coverage": {
      "/Users/katrinatran/Desktop/kbl_store/config/environment.rb": [
        null,
        1,
        null,
        null,
        1
      ],
      "/Users/katrinatran/Desktop/kbl_store/config/application.rb": [
        1,
        null,
        1,
        null,
        1,
        1,
        1,
        1,
        1,
        1,
        1,
        1,
        null,
        null,
        null,
        null,
        null,
        1,
        null,
        1,
        1,
        null,
        1,
        null,
        null,
        null,
        null,
        null,
        null,
        null,
        null,
        null,
        1,
        null,
        null
      ],
      "/Users/katrinatran/Desktop/kbl_store/config/boot.rb": [
        1,
        null,
        1,
        1
      ],
      "/Users/katrinatran/Desktop/kbl_store/config/environments/test.rb": [
        1,
        null,
        null,
        null,
        null,
        null,
        null,
        1,
        null,
        null,
        null,
        null,
        1,
        null,
        null,
        1,
        1,
        null,
        null,
        null,
        null,
        1,
        1,
        null,
        null,
        1,
        null,
        null,
        1,
        null,
        null,
        1,
        null,
        1,
        null,
        null,
        null,
        null,
        1,
        null,
        null,
        1,
        null,
        null,
        null,
        null
      ],
      "/Users/katrinatran/Desktop/kbl_store/config/initializers/application_controller_renderer.rb": [
        null,
        null,
        null,
        null,
        null,
        null,
        null,
        null
      ],
      "/Users/katrinatran/Desktop/kbl_store/config/initializers/backtrace_silencers.rb": [
        null,
        null,
        null,
        null,
        null,
        null,
        null
      ],
      "/Users/katrinatran/Desktop/kbl_store/config/initializers/cors.rb": [
        null,
        null,
        null,
        null,
        null,
        null,
        null,
        null,
        null,
        null,
        null,
        null,
        null,
        null,
        null,
        null
      ],
      "/Users/katrinatran/Desktop/kbl_store/config/initializers/devise.rb": [
        1,
        1,
        0,
        null,
        1,
        null,
        null,
        1,
        null
      ],
      "/Users/katrinatran/Desktop/kbl_store/config/initializers/devise_token_auth.rb": [
        null,
        null,
        1,
        null,
        null,
        null,
        null,
        null,
        null,
        null,
        null,
        null,
        null,
        null,
        null,
        null,
        null,
        null,
        null,
        null,
        null,
        null,
        null,
        null,
        null,
        null,
        null,
        null,
        null,
        null,
        null,
        null,
        null,
        null,
        null,
        null,
        null,
        null,
        null,
        null,
        null,
        null,
        null,
        null,
        null,
        null,
        null,
        null,
        null,
        null
      ],
      "/Users/katrinatran/Desktop/kbl_store/config/initializers/filter_parameter_logging.rb": [
        null,
        null,
        null,
        1
      ],
      "/Users/katrinatran/Desktop/kbl_store/config/initializers/inflections.rb": [
        null,
        null,
        null,
        null,
        null,
        null,
        null,
        null,
        null,
        null,
        null,
        null,
        null,
        null,
        null,
        null
      ],
      "/Users/katrinatran/Desktop/kbl_store/config/initializers/mime_types.rb": [
        null,
        null,
        null,
        null
      ],
      "/Users/katrinatran/Desktop/kbl_store/config/initializers/wrap_parameters.rb": [
        null,
        null,
        null,
        null,
        null,
        null,
        1,
        1,
        null,
        null,
        null,
        null,
        null,
        null
      ],
      "/Users/katrinatran/Desktop/kbl_store/spec/factories/order_items.rb": [
        1,
        1,
        1,
        1,
        1,
        null,
        null
      ],
      "/Users/katrinatran/Desktop/kbl_store/spec/factories/orders.rb": [
        1,
        1,
        1,
        1,
        1,
        null,
        null
      ],
      "/Users/katrinatran/Desktop/kbl_store/spec/factories/products.rb": [
        1,
        1,
        1,
        1,
        1,
        1,
        null,
        null
      ],
      "/Users/katrinatran/Desktop/kbl_store/config/routes.rb": [
        1,
        1,
        1,
        null,
        null,
        null,
        null,
        1,
        0,
        null,
        null
      ],
      "/Users/katrinatran/Desktop/kbl_store/app/models/user.rb": [
        null,
        null,
        1,
        null,
        null,
        1,
        null,
        1,
        null
      ],
      "/Users/katrinatran/Desktop/kbl_store/spec/controllers/orders_controller_spec.rb": [
        1,
        null,
        0,
        null,
        0,
        0,
        0,
        0,
        null,
        null,
        null,
        0,
        0,
        0,
        0,
        null,
        null,
        null,
        0,
        0,
        0,
        0,
        null,
        null,
        null,
        0,
        0,
        0,
        0,
        null,
        null,
        null,
        null
      ],
      "/Users/katrinatran/Desktop/kbl_store/spec/rails_helper.rb": [
        null,
        1,
        1,
        1,
        1,
        1,
        null,
        1,
        1,
        1,
        1,
        null,
        0,
        0,
        0,
        0,
        null,
        null,
        null,
        null,
        null,
        null,
        null,
        null,
        null,
        null,
        null,
        null,
        null,
        null,
        null,
        null,
        null,
        null,
        null,
        null,
        null,
        0,
        0,
        null,
        0,
        0,
        null,
        0,
        0,
        0,
        null,
        0,
        0,
        0,
        null,
        null,
        0,
        0,
        0,
        null,
        null,
        null,
        null,
        0,
        null,
        null,
        null,
        null,
        0,
        null,
        null,
        null,
        null,
        null,
        null,
        null,
        null,
        null,
        null,
        null,
        null,
        null,
        null,
        0,
        null,
        null,
        0,
        null,
        null,
        null
      ],
      "/Users/katrinatran/Desktop/kbl_store/spec/controllers/products_controller_spec.rb": [
        1,
        null,
        0,
        null,
        0,
        0,
        0,
        0,
        null,
        null,
        null,
        0,
        0,
        0,
        0,
        null,
        null,
        null,
        0,
        0,
        0,
        0,
        null,
        null,
        null,
        0,
        0,
        0,
        0,
        null,
        null,
        null,
        null
      ],
      "/Users/katrinatran/Desktop/kbl_store/spec/models/order_item_spec.rb": [
        1,
        null,
        0,
        0,
        null
      ],
      "/Users/katrinatran/Desktop/kbl_store/spec/models/order_spec.rb": [
        1,
        null,
        0,
        0,
        null
      ],
      "/Users/katrinatran/Desktop/kbl_store/spec/models/product_spec.rb": [
        1,
        null,
        0,
        0,
        null
      ]
    },
    "timestamp": 1542570278
  }
}
